2024-08-06 17:11:27.402 xcodebuild[79630:24974566] DVTCoreDeviceEnabledState: DVTCoreDeviceEnabledState_Disabled set via user default (DVTEnableCoreDevice=disabled)
--- xcodebuild: WARNING: Using the first of multiple matching destinations:
{ platform:iOS Simulator, id:2A83B752-1F76-47ED-9C29-165537BEBC41, OS:16.4, name:iPhone SE (3rd generation) }
{ platform:iOS Simulator, id:2A83B752-1F76-47ED-9C29-165537BEBC41, OS:16.4, name:iPhone SE (3rd generation) }
2024-08-06 17:12:06.074 xcodebuild[79630:24977036]  iPhoneConnect: 📱<DVTiOSDevice (0x11db7c740), Sreenand’s iPhone, iPhone, 17.4.1 (21E236), 00008110-0002489001D1401E> unable to mount developer disk image, (Error Domain=com.apple.dt.DVTDeviceSupportFilesDDIError Code=2 "Could not locate device support files" UserInfo={NSLocalizedDescription=Could not locate device support files, NSLocalizedRecoverySuggestion=You may be able to resolve the issue by installing the latest version of Xcode from the Mac App Store or developer.apple.com.

[missing string: 869a8e318f07f3e2f42e11d435502286094f76de], DVTRadarComponentKey=487927, DeviceType=iPhone14,2, NSLocalizedFailureReason=The device may be running a version of iOS (17.4.1 21E236) that is not supported by this version of Xcode.}) {
    DVTRadarComponentKey = 487927;
    DeviceType = "iPhone14,2";
    NSLocalizedDescription = "Could not locate device support files";
    NSLocalizedFailureReason = "The device may be running a version of iOS (17.4.1 21E236) that is not supported by this version of Xcode.";
    NSLocalizedRecoverySuggestion = "You may be able to resolve the issue by installing the latest version of Xcode from the Mac App Store or developer.apple.com.\n\n[missing string: 869a8e318f07f3e2f42e11d435502286094f76de]";
}
2024-08-06 17:12:06.075 xcodebuild[79630:24974566] [MT] iPhoneConnect: 📱<DVTiOSDevice (0x11db7c740), Sreenand’s iPhone, iPhone, 17.4.1 (21E236), 00008110-0002489001D1401E> -- An error occurred whilst preparing device for development -- Could not locate device support files
Domain: com.apple.dt.DVTDeviceSupportFilesDDIError
Code: 2
Failure Reason: The device may be running a version of iOS (17.4.1 21E236) that is not supported by this version of Xcode.
Recovery Suggestion: You may be able to resolve the issue by installing the latest version of Xcode from the Mac App Store or developer.apple.com.

[missing string: 869a8e318f07f3e2f42e11d435502286094f76de]
User Info: {
    DVTRadarComponentKey = 487927;
    DeviceType = "iPhone14,2";
}
--
2024-08-06 17:12:06.075 xcodebuild[79630:24974566] [MT] iPhoneConnect: 📱<DVTiOSDevice (0x11db7c740), Sreenand’s iPhone, iPhone, 17.4.1 (21E236), 00008110-0002489001D1401E> == Underlying device preparation errors ==
2024-08-06 17:12:06.075 xcodebuild[79630:24974566] [MT] iPhoneConnect: Could not locate device support files
Domain: com.apple.dt.DVTDeviceSupportFilesDDIError
Code: 2
Failure Reason: The device may be running a version of iOS (17.4.1 21E236) that is not supported by this version of Xcode.
Recovery Suggestion: You may be able to resolve the issue by installing the latest version of Xcode from the Mac App Store or developer.apple.com.

[missing string: 869a8e318f07f3e2f42e11d435502286094f76de]
User Info: {
    DVTRadarComponentKey = 487927;
    DeviceType = "iPhone14,2";
}
--
2024-08-06 17:12:06.075 xcodebuild[79630:24974566] [MT] iPhoneConnect: 📱<DVTiOSDevice (0x11db7c740), Sreenand’s iPhone, iPhone, 17.4.1 (21E236), 00008110-0002489001D1401E> == END: Underlying device preparation errors ==
2024-08-06 17:12:06.369 xcodebuild[79630:24977036]  iPhoneConnect: 📱<DVTiOSDevice (0x11db7c740), Sreenand’s iPhone, iPhone, 17.4.1 (21E236), 00008110-0002489001D1401E> unable to mount developer disk image, (Error Domain=com.apple.dt.DVTDeviceSupportFilesDDIError Code=2 "Could not locate device support files" UserInfo={NSLocalizedDescription=Could not locate device support files, NSLocalizedRecoverySuggestion=You may be able to resolve the issue by installing the latest version of Xcode from the Mac App Store or developer.apple.com.

[missing string: 869a8e318f07f3e2f42e11d435502286094f76de], DVTRadarComponentKey=487927, DeviceType=iPhone14,2, NSLocalizedFailureReason=The device may be running a version of iOS (17.4.1 21E236) that is not supported by this version of Xcode.}) {
    DVTRadarComponentKey = 487927;
    DeviceType = "iPhone14,2";
    NSLocalizedDescription = "Could not locate device support files";
    NSLocalizedFailureReason = "The device may be running a version of iOS (17.4.1 21E236) that is not supported by this version of Xcode.";
    NSLocalizedRecoverySuggestion = "You may be able to resolve the issue by installing the latest version of Xcode from the Mac App Store or developer.apple.com.\n\n[missing string: 869a8e318f07f3e2f42e11d435502286094f76de]";
}
2024-08-06 17:12:06.369 xcodebuild[79630:24974566] [MT] iPhoneConnect: 📱<DVTiOSDevice (0x11db7c740), Sreenand’s iPhone, iPhone, 17.4.1 (21E236), 00008110-0002489001D1401E> -- An error occurred whilst preparing device for development -- Could not locate device support files
Domain: com.apple.dt.DVTDeviceSupportFilesDDIError
Code: 2
Failure Reason: The device may be running a version of iOS (17.4.1 21E236) that is not supported by this version of Xcode.
Recovery Suggestion: You may be able to resolve the issue by installing the latest version of Xcode from the Mac App Store or developer.apple.com.

[missing string: 869a8e318f07f3e2f42e11d435502286094f76de]
User Info: {
    DVTRadarComponentKey = 487927;
    DeviceType = "iPhone14,2";
}
--
2024-08-06 17:12:06.369 xcodebuild[79630:24974566] [MT] iPhoneConnect: 📱<DVTiOSDevice (0x11db7c740), Sreenand’s iPhone, iPhone, 17.4.1 (21E236), 00008110-0002489001D1401E> == Underlying device preparation errors ==
2024-08-06 17:12:06.369 xcodebuild[79630:24974566] [MT] iPhoneConnect: Could not locate device support files
Domain: com.apple.dt.DVTDeviceSupportFilesDDIError
Code: 2
Failure Reason: The device may be running a version of iOS (17.4.1 21E236) that is not supported by this version of Xcode.
Recovery Suggestion: You may be able to resolve the issue by installing the latest version of Xcode from the Mac App Store or developer.apple.com.

[missing string: 869a8e318f07f3e2f42e11d435502286094f76de]
User Info: {
    DVTRadarComponentKey = 487927;
    DeviceType = "iPhone14,2";
}
--
2024-08-06 17:12:06.369 xcodebuild[79630:24974566] [MT] iPhoneConnect: 📱<DVTiOSDevice (0x11db7c740), Sreenand’s iPhone, iPhone, 17.4.1 (21E236), 00008110-0002489001D1401E> == END: Underlying device preparation errors ==
2024-08-06 17:12:07.184 xcodebuild[79630:24974582]  iPhoneConnect: 📱<DVTiOSDevice (0x11db7c740), Sreenand’s iPhone, iPhone, 17.4.1 (21E236), 00008110-0002489001D1401E> unable to mount developer disk image, (Error Domain=com.apple.dt.DVTDeviceSupportFilesDDIError Code=2 "Could not locate device support files" UserInfo={NSLocalizedDescription=Could not locate device support files, NSLocalizedRecoverySuggestion=You may be able to resolve the issue by installing the latest version of Xcode from the Mac App Store or developer.apple.com.

[missing string: 869a8e318f07f3e2f42e11d435502286094f76de], DVTRadarComponentKey=487927, DeviceType=iPhone14,2, NSLocalizedFailureReason=The device may be running a version of iOS (17.4.1 21E236) that is not supported by this version of Xcode.}) {
    DVTRadarComponentKey = 487927;
    DeviceType = "iPhone14,2";
    NSLocalizedDescription = "Could not locate device support files";
    NSLocalizedFailureReason = "The device may be running a version of iOS (17.4.1 21E236) that is not supported by this version of Xcode.";
    NSLocalizedRecoverySuggestion = "You may be able to resolve the issue by installing the latest version of Xcode from the Mac App Store or developer.apple.com.\n\n[missing string: 869a8e318f07f3e2f42e11d435502286094f76de]";
}
2024-08-06 17:12:07.185 xcodebuild[79630:24974566] [MT] iPhoneConnect: 📱<DVTiOSDevice (0x11db7c740), Sreenand’s iPhone, iPhone, 17.4.1 (21E236), 00008110-0002489001D1401E> -- An error occurred whilst preparing device for development -- Could not locate device support files
Domain: com.apple.dt.DVTDeviceSupportFilesDDIError
Code: 2
Failure Reason: The device may be running a version of iOS (17.4.1 21E236) that is not supported by this version of Xcode.
Recovery Suggestion: You may be able to resolve the issue by installing the latest version of Xcode from the Mac App Store or developer.apple.com.

[missing string: 869a8e318f07f3e2f42e11d435502286094f76de]
User Info: {
    DVTRadarComponentKey = 487927;
    DeviceType = "iPhone14,2";
}
--
2024-08-06 17:12:07.185 xcodebuild[79630:24974566] [MT] iPhoneConnect: 📱<DVTiOSDevice (0x11db7c740), Sreenand’s iPhone, iPhone, 17.4.1 (21E236), 00008110-0002489001D1401E> == Underlying device preparation errors ==
2024-08-06 17:12:07.185 xcodebuild[79630:24974566] [MT] iPhoneConnect: Could not locate device support files
Domain: com.apple.dt.DVTDeviceSupportFilesDDIError
Code: 2
Failure Reason: The device may be running a version of iOS (17.4.1 21E236) that is not supported by this version of Xcode.
Recovery Suggestion: You may be able to resolve the issue by installing the latest version of Xcode from the Mac App Store or developer.apple.com.

[missing string: 869a8e318f07f3e2f42e11d435502286094f76de]
User Info: {
    DVTRadarComponentKey = 487927;
    DeviceType = "iPhone14,2";
}
--
2024-08-06 17:12:07.185 xcodebuild[79630:24974566] [MT] iPhoneConnect: 📱<DVTiOSDevice (0x11db7c740), Sreenand’s iPhone, iPhone, 17.4.1 (21E236), 00008110-0002489001D1401E> == END: Underlying device preparation errors ==
